<?xml version="1.0" encoding="UTF-8"?>
<testsuite xmlns:xsi="http://www.w3.org/2001/XMLSchema-instance" xsi:noNamespaceSchemaLocation="https://maven.apache.org/surefire/maven-surefire-plugin/xsd/surefire-test-report.xsd" name="tests.ConvertJsonToObjectTest" time="3.413" tests="1" errors="0" skipped="0" failures="0">
  <properties>
    <property name="awt.toolkit" value="sun.awt.X11.XToolkit"/>
    <property name="java.specification.version" value="11"/>
    <property name="sun.cpu.isalist" value=""/>
    <property name="sun.jnu.encoding" value="UTF-8"/>
    <property name="java.class.path" value="/home/rene/Desktop/json-to-freemarker/target/test-classes:/home/rene/Desktop/json-to-freemarker/target/classes:/home/rene/.m2/repository/com/fasterxml/jackson/module/jackson-module-kotlin/2.13.0/jackson-module-kotlin-2.13.0.jar:/home/rene/.m2/repository/org/jetbrains/kotlin/kotlin-reflect/1.5.30/kotlin-reflect-1.5.30.jar:/home/rene/.m2/repository/com/fasterxml/jackson/core/jackson-annotations/2.12.4/jackson-annotations-2.12.4.jar:/home/rene/.m2/repository/com/fasterxml/jackson/core/jackson-databind/2.12.4/jackson-databind-2.12.4.jar:/home/rene/.m2/repository/com/fasterxml/jackson/core/jackson-core/2.12.4/jackson-core-2.12.4.jar:/home/rene/.m2/repository/org/freemarker/freemarker/2.3.31/freemarker-2.3.31.jar:/home/rene/.m2/repository/org/jetbrains/kotlin/kotlin-test-junit/1.5.31/kotlin-test-junit-1.5.31.jar:/home/rene/.m2/repository/org/jetbrains/kotlin/kotlin-test/1.5.31/kotlin-test-1.5.31.jar:/home/rene/.m2/repository/junit/junit/4.12/junit-4.12.jar:/home/rene/.m2/repository/org/hamcrest/hamcrest-core/1.3/hamcrest-core-1.3.jar:/home/rene/.m2/repository/org/jetbrains/kotlin/kotlin-stdlib-jdk8/1.5.31/kotlin-stdlib-jdk8-1.5.31.jar:/home/rene/.m2/repository/org/jetbrains/kotlin/kotlin-stdlib/1.5.31/kotlin-stdlib-1.5.31.jar:/home/rene/.m2/repository/org/jetbrains/annotations/13.0/annotations-13.0.jar:/home/rene/.m2/repository/org/jetbrains/kotlin/kotlin-stdlib-common/1.5.31/kotlin-stdlib-common-1.5.31.jar:/home/rene/.m2/repository/org/jetbrains/kotlin/kotlin-stdlib-jdk7/1.5.31/kotlin-stdlib-jdk7-1.5.31.jar:"/>
    <property name="java.vm.vendor" value="Ubuntu"/>
    <property name="sun.arch.data.model" value="64"/>
    <property name="java.vendor.url" value="https://ubuntu.com/"/>
    <property name="user.timezone" value=""/>
    <property name="user.country.format" value="BR"/>
    <property name="java.vm.specification.version" value="11"/>
    <property name="os.name" value="Linux"/>
    <property name="sun.java.launcher" value="SUN_STANDARD"/>
    <property name="user.country" value="US"/>
    <property name="sun.boot.library.path" value="/usr/lib/jvm/java-11-openjdk-amd64/lib"/>
    <property name="sun.java.command" value="/home/rene/Desktop/json-to-freemarker/target/surefire/surefirebooter12861959679701441753.jar /home/rene/Desktop/json-to-freemarker/target/surefire 2021-10-06T08-48-01_490-jvmRun1 surefire18168150721802031689tmp surefire_0226956911728139090tmp"/>
    <property name="jdk.debug" value="release"/>
    <property name="surefire.test.class.path" value="/home/rene/Desktop/json-to-freemarker/target/test-classes:/home/rene/Desktop/json-to-freemarker/target/classes:/home/rene/.m2/repository/com/fasterxml/jackson/module/jackson-module-kotlin/2.13.0/jackson-module-kotlin-2.13.0.jar:/home/rene/.m2/repository/org/jetbrains/kotlin/kotlin-reflect/1.5.30/kotlin-reflect-1.5.30.jar:/home/rene/.m2/repository/com/fasterxml/jackson/core/jackson-annotations/2.12.4/jackson-annotations-2.12.4.jar:/home/rene/.m2/repository/com/fasterxml/jackson/core/jackson-databind/2.12.4/jackson-databind-2.12.4.jar:/home/rene/.m2/repository/com/fasterxml/jackson/core/jackson-core/2.12.4/jackson-core-2.12.4.jar:/home/rene/.m2/repository/org/freemarker/freemarker/2.3.31/freemarker-2.3.31.jar:/home/rene/.m2/repository/org/jetbrains/kotlin/kotlin-test-junit/1.5.31/kotlin-test-junit-1.5.31.jar:/home/rene/.m2/repository/org/jetbrains/kotlin/kotlin-test/1.5.31/kotlin-test-1.5.31.jar:/home/rene/.m2/repository/junit/junit/4.12/junit-4.12.jar:/home/rene/.m2/repository/org/hamcrest/hamcrest-core/1.3/hamcrest-core-1.3.jar:/home/rene/.m2/repository/org/jetbrains/kotlin/kotlin-stdlib-jdk8/1.5.31/kotlin-stdlib-jdk8-1.5.31.jar:/home/rene/.m2/repository/org/jetbrains/kotlin/kotlin-stdlib/1.5.31/kotlin-stdlib-1.5.31.jar:/home/rene/.m2/repository/org/jetbrains/annotations/13.0/annotations-13.0.jar:/home/rene/.m2/repository/org/jetbrains/kotlin/kotlin-stdlib-common/1.5.31/kotlin-stdlib-common-1.5.31.jar:/home/rene/.m2/repository/org/jetbrains/kotlin/kotlin-stdlib-jdk7/1.5.31/kotlin-stdlib-jdk7-1.5.31.jar:"/>
    <property name="sun.cpu.endian" value="little"/>
    <property name="user.home" value="/home/rene"/>
    <property name="user.language" value="en"/>
    <property name="java.specification.vendor" value="Oracle Corporation"/>
    <property name="java.version.date" value="2021-04-20"/>
    <property name="java.home" value="/usr/lib/jvm/java-11-openjdk-amd64"/>
    <property name="file.separator" value="/"/>
    <property name="basedir" value="/home/rene/Desktop/json-to-freemarker"/>
    <property name="java.vm.compressedOopsMode" value="32-bit"/>
    <property name="line.separator" value="&#10;"/>
    <property name="java.specification.name" value="Java Platform API Specification"/>
    <property name="java.vm.specification.vendor" value="Oracle Corporation"/>
    <property name="java.awt.graphicsenv" value="sun.awt.X11GraphicsEnvironment"/>
    <property name="surefire.real.class.path" value="/home/rene/Desktop/json-to-freemarker/target/surefire/surefirebooter12861959679701441753.jar"/>
    <property name="sun.management.compiler" value="HotSpot 64-Bit Tiered Compilers"/>
    <property name="java.runtime.version" value="11.0.11+9-Ubuntu-0ubuntu2.20.04"/>
    <property name="user.name" value="rene"/>
    <property name="path.separator" value=":"/>
    <property name="os.version" value="5.4.0-88-generic"/>
    <property name="java.runtime.name" value="OpenJDK Runtime Environment"/>
    <property name="file.encoding" value="UTF-8"/>
    <property name="java.vm.name" value="OpenJDK 64-Bit Server VM"/>
    <property name="localRepository" value="/home/rene/.m2/repository"/>
    <property name="java.vendor.url.bug" value="https://bugs.launchpad.net/ubuntu/+source/openjdk-lts"/>
    <property name="java.io.tmpdir" value="/tmp"/>
    <property name="java.version" value="11.0.11"/>
    <property name="user.dir" value="/home/rene/Desktop/json-to-freemarker"/>
    <property name="os.arch" value="amd64"/>
    <property name="java.vm.specification.name" value="Java Virtual Machine Specification"/>
    <property name="java.awt.printerjob" value="sun.print.PSPrinterJob"/>
    <property name="user.language.format" value="pt"/>
    <property name="sun.os.patch.level" value="unknown"/>
    <property name="java.library.path" value="/usr/java/packages/lib:/usr/lib/x86_64-linux-gnu/jni:/lib/x86_64-linux-gnu:/usr/lib/x86_64-linux-gnu:/usr/lib/jni:/lib:/usr/lib"/>
    <property name="java.vm.info" value="mixed mode, sharing"/>
    <property name="java.vendor" value="Ubuntu"/>
    <property name="java.vm.version" value="11.0.11+9-Ubuntu-0ubuntu2.20.04"/>
    <property name="sun.io.unicode.encoding" value="UnicodeLittle"/>
    <property name="java.class.version" value="55.0"/>
  </properties>
  <testcase name="testConvertJsonToObject" classname="tests.ConvertJsonToObjectTest" time="3.292"/>
</testsuite>